<?xml version="1.0" encoding="UTF-8"?>
<!-- Generated by org.testng.reporters.JUnitXMLReporter -->
<testsuite ignored="0" hostname="QSINBNB342" failures="1" tests="1" name="Default test" time="11.603" errors="0" timestamp="2023-09-18T17:32:00 IST">
  <testcase classname="io.cucumber.testng.AbstractTestNGCucumberTests" name="runScenario" time="10.129">
    <failure type="java.lang.AssertionError" message="expected [Beetroot] but found [No data]">
      <![CDATA[java.lang.AssertionError: expected [Beetroot] but found [No data]
at org.testng.Assert.fail(Assert.java:99)
at org.testng.Assert.failNotEquals(Assert.java:1037)
at org.testng.Assert.assertEqualsImpl(Assert.java:140)
at org.testng.Assert.assertEquals(Assert.java:122)
at org.testng.Assert.assertEquals(Assert.java:629)
at org.testng.Assert.assertEquals(Assert.java:639)
at StepDefinations.OffersPageStepDefinations.Validate_product_name_in_home_page_matching_with_offers_page(OffersPageStepDefinations.java:55)
at ✽.Validate product name in home page matching with offers page(file:///C:/Users/VinayUmesh/OneDrive%20-%20QS%20QUACQUARELLISYMONDS%20LIMITED/Desktop/Java_eclipse/VTS/src/test/java/Features/SearchProduct.feature:7)
]]>
    </failure>
  </testcase> <!-- runScenario -->
</testsuite> <!-- Default test -->
