<?xml version="1.0" encoding="UTF-8"?>
<!-- Generated by org.testng.reporters.JUnitReportReporter -->
<testsuite hostname="QSINBNB342" failures="1" tests="3" name="CucumberOptions.TestNgTestRunner" time="39.984" errors="0" timestamp="2023-09-18T17:28:02 IST" skipped="0">
  <testcase classname="CucumberOptions.TestNgTestRunner" name="runScenario" time="13.148">
    <failure message="expected [Beetroot] but found [No data]" type="java.lang.AssertionError">
      <![CDATA[java.lang.AssertionError: expected [Beetroot] but found [No data]
at org.testng.Assert.fail(Assert.java:99)
at org.testng.Assert.failNotEquals(Assert.java:1037)
at org.testng.Assert.assertEqualsImpl(Assert.java:140)
at org.testng.Assert.assertEquals(Assert.java:122)
at org.testng.Assert.assertEquals(Assert.java:629)
at org.testng.Assert.assertEquals(Assert.java:639)
at StepDefinations.OffersPageStepDefinations.Validate_product_name_in_home_page_matching_with_offers_page(OffersPageStepDefinations.java:55)
at ✽.Validate product name in home page matching with offers page(file:///C:/Users/VinayUmesh/OneDrive%20-%20QS%20QUACQUARELLISYMONDS%20LIMITED/Desktop/Java_eclipse/VTS/src/test/java/Features/SearchProduct.feature:7)
]]>
    </failure>
  </testcase> <!-- runScenario -->
  <system-out/>
  <testcase classname="CucumberOptions.TestNgTestRunner" name="runScenario" time="12.923"/>
  <system-out/>
  <testcase classname="CucumberOptions.TestNgTestRunner" name="runScenario" time="13.913"/>
  <system-out/>
</testsuite> <!-- CucumberOptions.TestNgTestRunner -->
